GROUP,PACKAGE,CLASS,INSTRUCTION_MISSED,INSTRUCTION_COVERED,BRANCH_MISSED,BRANCH_COVERED,LINE_MISSED,LINE_COVERED,COMPLEXITY_MISSED,COMPLEXITY_COVERED,METHOD_MISSED,METHOD_COVERED
Doxia :: XHTML Module,org.apache.maven.doxia.module.xhtml,XhtmlSinkFactory,16,0,0,0,3,0,3,0,3,0
Doxia :: XHTML Module,org.apache.maven.doxia.module.xhtml,XhtmlParserModule,4,0,0,0,2,0,1,0,1,0
Doxia :: XHTML Module,org.apache.maven.doxia.module.xhtml,AbstractXhtmlSink,3,0,0,0,1,0,1,0,1,0
Doxia :: XHTML Module,org.apache.maven.doxia.module.xhtml,XhtmlParser,51,262,3,43,6,64,3,24,0,4
Doxia :: XHTML Module,org.apache.maven.doxia.module.xhtml,XhtmlSink,6,184,1,9,2,59,1,17,0,13
Doxia :: XHTML Module,org.apache.maven.doxia.module.xhtml,XhtmlSiteModule,6,0,0,0,2,0,1,0,1,0
