GROUP,PACKAGE,CLASS,INSTRUCTION_MISSED,INSTRUCTION_COVERED,BRANCH_MISSED,BRANCH_COVERED,LINE_MISSED,LINE_COVERED,COMPLEXITY_MISSED,COMPLEXITY_COVERED,METHOD_MISSED,METHOD_COVERED
Commons Configuration,org.apache.commons.configuration.event,ConfigurationEvent,0,28,0,0,0,10,0,5,0,5
Commons Configuration,org.apache.commons.configuration.event,ConfigurationErrorEvent,0,14,0,0,0,4,0,2,0,2
Commons Configuration,org.apache.commons.configuration.event,EventSource,0,254,0,20,0,65,0,31,0,21
Commons Configuration,org.apache.commons.configuration.resolver,CatalogResolver.CatalogManager,8,54,5,3,3,22,4,9,0,9
Commons Configuration,org.apache.commons.configuration.resolver,CatalogResolver,27,134,3,9,6,37,3,13,0,10
Commons Configuration,org.apache.commons.configuration.resolver,DefaultEntityResolver,13,52,3,3,4,16,3,4,0,4
Commons Configuration,org.apache.commons.configuration.resolver,CatalogResolver.Catalog,73,175,10,12,15,42,8,7,0,4
Commons Configuration,org.apache.commons.configuration.tree.xpath,ConfigurationNodeIteratorBase,0,121,2,14,0,26,2,17,0,11
Commons Configuration,org.apache.commons.configuration.tree.xpath,XPathExpressionEngine,20,312,0,46,5,82,0,33,0,10
Commons Configuration,org.apache.commons.configuration.tree.xpath,ConfigurationNodePointer,9,132,1,21,4,34,3,23,2,13
Commons Configuration,org.apache.commons.configuration.tree.xpath,ConfigurationNodeIteratorChildren,0,114,0,24,0,35,0,15,0,3
Commons Configuration,org.apache.commons.configuration.tree.xpath,ConfigurationNodeIteratorAttribute,0,42,0,4,0,10,0,4,0,2
Commons Configuration,org.apache.commons.configuration.tree.xpath,ConfigurationNodePointerFactory,14,15,3,1,4,4,3,3,1,3
Commons Configuration,org.apache.commons.configuration.plist,PropertyListConfiguration.DateComponentParser,0,38,0,4,0,6,0,4,0,2
Commons Configuration,org.apache.commons.configuration.plist,XMLPropertyListConfiguration.ArrayNode,0,17,0,0,0,5,0,3,0,3
Commons Configuration,org.apache.commons.configuration.plist,XMLPropertyListConfiguration.new EntityResolver() {...},0,15,0,0,0,2,0,2,0,2
Commons Configuration,org.apache.commons.configuration.plist,ParseException,158,219,23,11,33,34,21,5,2,3
Commons Configuration,org.apache.commons.configuration.plist,PropertyListParser.JJCalls,0,3,0,0,0,1,0,1,0,1
Commons Configuration,org.apache.commons.configuration.plist,XMLPropertyListConfiguration,112,464,11,41,23,99,10,28,1,11
Commons Configuration,org.apache.commons.configuration.plist,PropertyListConfiguration.DateSeparatorParser,0,51,0,2,0,9,0,4,0,3
Commons Configuration,org.apache.commons.configuration.plist,XMLPropertyListConfiguration.PListNode,30,91,3,3,9,28,2,11,0,10
Commons Configuration,org.apache.commons.configuration.plist,PropertyListParserConstants,0,100,0,0,0,1,0,1,0,1
Commons Configuration,org.apache.commons.configuration.plist,XMLPropertyListConfiguration.XMLPropertyListHandler,0,228,0,32,0,53,0,23,0,7
Commons Configuration,org.apache.commons.configuration.plist,SimpleCharStream,675,301,36,20,110,69,37,20,16,12
Commons Configuration,org.apache.commons.configuration.plist,PropertyListParser,624,1010,98,114,101,215,78,76,9,37
Commons Configuration,org.apache.commons.configuration.plist,Token,3,9,0,0,1,3,1,2,1,2
Commons Configuration,org.apache.commons.configuration.plist,PropertyListParserTokenManager,571,832,131,97,146,168,96,59,8,15
Commons Configuration,org.apache.commons.configuration.plist,TokenMgrError,173,0,18,0,37,0,19,0,6,0
Commons Configuration,org.apache.commons.configuration.plist,PropertyListConfiguration.DateFieldParser,0,73,0,0,0,14,0,4,0,4
Commons Configuration,org.apache.commons.configuration.plist,PropertyListConfiguration,73,588,17,63,18,119,17,39,1,15
Commons Configuration,org.apache.commons.configuration.plist,PropertyListConfiguration.DateTimeZoneParser,0,70,0,2,0,17,0,4,0,3
Commons Configuration,org.apache.commons.configuration.interpol,ConstantLookup,0,112,1,7,0,32,1,9,0,6
Commons Configuration,org.apache.commons.configuration.interpol,ExprLookup.Variables,13,3,2,0,3,1,2,1,1,1
Commons Configuration,org.apache.commons.configuration.interpol,ExprLookup.Variable,22,46,1,3,5,18,2,6,1,5
Commons Configuration,org.apache.commons.configuration.interpol,ExprLookup,46,70,0,2,13,21,5,5,5,4
Commons Configuration,org.apache.commons.configuration.interpol,ConfigurationInterpolator,0,216,0,30,0,56,0,30,0,15
Commons Configuration,org.apache.commons.configuration.interpol,EnvironmentLookup,0,13,0,0,0,3,0,2,0,2
Commons Configuration,org.apache.commons.configuration.beanutils,XMLBeanDeclaration,68,218,11,23,15,56,8,24,0,15
Commons Configuration,org.apache.commons.configuration.beanutils,BeanHelper,71,258,8,32,20,74,5,32,0,17
Commons Configuration,org.apache.commons.configuration.beanutils,ConfigurationDynaClass,9,167,4,26,2,45,6,15,2,4
Commons Configuration,org.apache.commons.configuration.beanutils,ConfigurationDynaBean,35,337,10,36,4,65,9,26,0,12
Commons Configuration,org.apache.commons.configuration.beanutils,DefaultBeanFactory,0,28,0,0,0,9,0,6,0,6
Commons Configuration,org.apache.commons.configuration.web,ServletRequestConfiguration,6,64,2,8,1,15,2,6,0,3
Commons Configuration,org.apache.commons.configuration.web,ServletContextConfiguration,0,28,0,0,0,8,0,4,0,4
Commons Configuration,org.apache.commons.configuration.web,BaseWebConfiguration,0,53,1,9,0,10,1,10,0,6
Commons Configuration,org.apache.commons.configuration.web,ServletConfiguration,0,25,0,0,0,7,0,4,0,4
Commons Configuration,org.apache.commons.configuration.web,AppletConfiguration,46,0,4,0,9,0,5,0,3,0
Commons Configuration,org.apache.commons.configuration.web,ServletFilterConfiguration,0,20,0,0,0,5,0,3,0,3
Commons Configuration,org.apache.commons.configuration.tree,MergeCombiner,0,190,1,27,0,49,1,17,0,4
Commons Configuration,org.apache.commons.configuration.tree,DefaultExpressionEngine,0,295,1,35,0,77,1,36,0,19
Commons Configuration,org.apache.commons.configuration.tree,NodeCombiner,0,28,0,0,0,8,0,5,0,5
Commons Configuration,org.apache.commons.configuration.tree,DefaultConfigurationNode.SubNodes,0,232,2,44,0,60,2,32,0,11
Commons Configuration,org.apache.commons.configuration.tree,DefaultConfigurationNode,16,227,4,8,2,74,4,40,0,38
Commons Configuration,org.apache.commons.configuration.tree,TreeUtils,0,108,1,11,0,24,1,7,0,2
Commons Configuration,org.apache.commons.configuration.tree,ConfigurationNodeVisitorAdapter,0,7,0,0,0,4,0,4,0,4
Commons Configuration,org.apache.commons.configuration.tree,UnionCombiner,0,105,0,16,0,25,0,11,0,3
Commons Configuration,org.apache.commons.configuration.tree,OverrideCombiner,0,128,1,19,0,32,1,13,0,4
Commons Configuration,org.apache.commons.configuration.tree,DefaultConfigurationKey.KeyIterator,23,372,3,53,5,83,3,46,0,21
Commons Configuration,org.apache.commons.configuration.tree,DefaultConfigurationKey,2,362,2,56,1,91,2,52,0,25
Commons Configuration,org.apache.commons.configuration.tree,NodeAddData,0,58,0,4,0,21,0,12,0,10
Commons Configuration,org.apache.commons.configuration.tree,ViewNode,0,75,0,12,0,23,0,11,0,5
Commons Configuration,org.apache.commons.configuration.reloading,VFSFileChangedReloadingStrategy,50,140,5,17,10,39,5,16,0,10
Commons Configuration,org.apache.commons.configuration.reloading,ManagedReloadingStrategy,0,31,0,0,0,12,0,6,0,6
Commons Configuration,org.apache.commons.configuration.reloading,InvariantReloadingStrategy,1,7,0,0,1,4,1,4,1,4
Commons Configuration,org.apache.commons.configuration.reloading,FileChangedReloadingStrategy,26,176,5,23,6,44,4,23,0,13
Commons Configuration,org.apache.commons.configuration,AbstractConfiguration.new ConfigurationErrorListener() {...},0,14,0,0,0,3,0,2,0,2
Commons Configuration,org.apache.commons.configuration,AbstractConfiguration.new Predicate() {...},0,33,0,4,0,3,0,4,0,2
Commons Configuration,org.apache.commons.configuration,ConfigurationFactory.PropertyListConfigurationFactory,20,8,4,0,4,3,3,1,1,1
Commons Configuration,org.apache.commons.configuration,DefaultConfigurationBuilder,14,698,1,45,2,165,1,50,0,28
Commons Configuration,org.apache.commons.configuration,PatternSubtreeConfigurationWrapper.new ThreadLocal() {...},2,3,0,0,1,1,1,1,1,1
Commons Configuration,org.apache.commons.configuration,XMLConfiguration.XMLBuilderVisitor,5,192,5,27,0,50,5,17,0,6
Commons Configuration,org.apache.commons.configuration,AbstractConfiguration.new StrLookup() {...},0,18,0,2,0,3,0,3,0,2
Commons Configuration,org.apache.commons.configuration,BaseConfiguration,6,135,0,10,2,32,0,14,0,9
Commons Configuration,org.apache.commons.configuration,SystemConfiguration,7,68,3,5,2,20,4,5,1,4
Commons Configuration,org.apache.commons.configuration,CombinedConfiguration.ConfigData,0,108,0,8,0,34,0,11,0,7
Commons Configuration,org.apache.commons.configuration,ConfigurationFactory.PropertiesConfigurationFactory,0,28,1,3,0,7,1,3,0,2
Commons Configuration,org.apache.commons.configuration,DatabaseConfiguration,12,740,2,48,4,166,2,40,0,17
Commons Configuration,org.apache.commons.configuration,HierarchicalConfigurationConverter,1,174,3,17,1,41,3,13,0,6
Commons Configuration,org.apache.commons.configuration,ConfigurationFactory.ConfigurationBuilder,0,94,0,10,0,27,0,11,0,6
Commons Configuration,org.apache.commons.configuration,MapConfiguration,6,126,0,12,2,31,0,17,0,11
Commons Configuration,org.apache.commons.configuration,DataConfiguration,10,1336,4,110,3,249,5,148,1,95
Commons Configuration,org.apache.commons.configuration,ConfigurationMap.ConfigurationSet.ConfigurationSetIterator,0,29,0,0,0,7,0,4,0,4
Commons Configuration,org.apache.commons.configuration,ConfigurationConverter,1,86,1,7,0,23,1,8,0,5
Commons Configuration,org.apache.commons.configuration,PropertiesConfiguration.DefaultIOFactory,0,15,0,0,0,3,0,3,0,3
Commons Configuration,org.apache.commons.configuration,HierarchicalConfiguration.new HierarchicalConfiguration.Node() {...},0,15,0,0,0,4,0,2,0,2
Commons Configuration,org.apache.commons.configuration,Lock,23,23,0,0,3,7,2,2,2,2
Commons Configuration,org.apache.commons.configuration,HierarchicalConfiguration.new HierarchicalConfiguration() {...},0,14,0,0,0,2,0,2,0,2
Commons Configuration,org.apache.commons.configuration,HierarchicalConfiguration.new ConfigurationListener() {...},0,11,0,0,0,3,0,2,0,2
Commons Configuration,org.apache.commons.configuration,HierarchicalConfiguration.new ConfigurationNodeVisitorAdapter() {...},0,14,0,0,0,3,0,2,0,2
Commons Configuration,org.apache.commons.configuration,HierarchicalConfiguration.new ConfigurationNodeVisitorAdapter() {...},0,7,0,0,0,3,0,2,0,2
Commons Configuration,org.apache.commons.configuration,INIConfiguration,28,425,5,69,9,108,8,40,3,8
Commons Configuration,org.apache.commons.configuration,XMLConfiguration.XMLNode,49,155,8,26,10,44,6,17,0,6
Commons Configuration,org.apache.commons.configuration,StrictConfigurationComparator,0,63,0,16,0,19,0,10,0,2
Commons Configuration,org.apache.commons.configuration,ConfigurationRuntimeException,3,13,0,0,2,6,1,3,1,3
Commons Configuration,org.apache.commons.configuration,ConfigurationFactory.CallOptionalMethodRule,0,38,0,6,0,14,0,6,0,3
Commons Configuration,org.apache.commons.configuration,HierarchicalConfiguration.DefinedVisitor,0,18,0,2,0,5,0,5,0,4
Commons Configuration,org.apache.commons.configuration,SubsetConfiguration,30,278,9,23,7,58,9,30,0,23
Commons Configuration,org.apache.commons.configuration,CompositeConfiguration,11,506,4,64,5,141,4,54,0,24
Commons Configuration,org.apache.commons.configuration,JNDIConfiguration,18,375,4,36,5,107,7,32,3,16
Commons Configuration,org.apache.commons.configuration,AbstractConfiguration,112,1171,11,113,14,275,15,113,4,62
Commons Configuration,org.apache.commons.configuration,ConfigurationFactory.DigesterConfigurationFactory,0,13,0,0,0,4,0,2,0,2
Commons Configuration,org.apache.commons.configuration,ConfigurationXMLReader,24,110,1,13,14,41,10,20,9,14
Commons Configuration,org.apache.commons.configuration,HierarchicalConfiguration.BuilderVisitor,0,103,0,20,0,31,0,12,0,2
Commons Configuration,org.apache.commons.configuration,SubsetConfiguration.new Transformer() {...},0,12,0,0,0,2,0,2,0,2
Commons Configuration,org.apache.commons.configuration,PropertiesConfigurationLayout.PropertyLayoutData,6,88,0,10,2,27,0,16,0,11
Commons Configuration,org.apache.commons.configuration,FileSystem,80,41,8,4,17,17,8,7,2,7
Commons Configuration,org.apache.commons.configuration,SubsetConfiguration.new Transformer() {...},0,12,0,0,0,2,0,2,0,2
Commons Configuration,org.apache.commons.configuration,ConfigurationFactory.AdditionalConfigurationData,0,17,0,0,0,7,0,5,0,5
Commons Configuration,org.apache.commons.configuration,ConfigurationMap.ConfigurationSet.Entry,13,20,0,0,3,5,1,3,1,3
Commons Configuration,org.apache.commons.configuration,XMLPropertiesConfiguration.XMLPropertiesHandler,0,71,0,8,0,18,0,8,0,4
Commons Configuration,org.apache.commons.configuration,ConversionException,7,9,0,0,4,4,2,2,2,2
Commons Configuration,org.apache.commons.configuration,BaseConfigurationXMLReader.SAXConverter,0,24,0,2,0,7,0,4,0,3
Commons Configuration,org.apache.commons.configuration,DefaultConfigurationBuilder.XMLConfigurationProvider,0,29,0,2,0,12,0,3,0,2
Commons Configuration,org.apache.commons.configuration,DefaultConfigurationBuilder.FileExtensionConfigurationProvider,12,63,3,5,2,20,3,6,0,5
Commons Configuration,org.apache.commons.configuration,HierarchicalConfiguration,27,832,2,98,12,208,10,88,8,40
Commons Configuration,org.apache.commons.configuration,DefaultConfigurationBuilder.ConfigurationDeclaration,0,89,0,16,0,22,0,17,0,9
Commons Configuration,org.apache.commons.configuration,DefaultConfigurationBuilder.ConfigurationBeanFactory,0,85,1,7,0,22,1,6,0,3
Commons Configuration,org.apache.commons.configuration,DefaultConfigurationBuilder.FileConfigurationProvider,4,63,2,4,2,22,3,6,1,5
Commons Configuration,org.apache.commons.configuration,ConfigurationFactory.SystemConfigurationFactory,0,8,0,0,0,3,0,1,0,1
Commons Configuration,org.apache.commons.configuration,ConfigurationUtils,74,613,14,86,19,158,16,56,2,20
Commons Configuration,org.apache.commons.configuration,MultiFileHierarchicalConfiguration,455,370,22,28,127,102,94,31,77,23
Commons Configuration,org.apache.commons.configuration,HierarchicalConfiguration.CloneVisitor,0,57,0,6,0,16,0,7,0,4
Commons Configuration,org.apache.commons.configuration,HierarchicalConfigurationXMLReader,0,29,0,0,0,11,0,6,0,6
Commons Configuration,org.apache.commons.configuration,DynamicCombinedConfiguration.ConfigData,0,21,0,0,0,8,0,4,0,4
Commons Configuration,org.apache.commons.configuration,AbstractFileConfiguration,139,763,7,63,27,232,10,80,3,52
Commons Configuration,org.apache.commons.configuration,ConfigurationMap,0,36,0,0,0,10,0,5,0,5
Commons Configuration,org.apache.commons.configuration,DynamicCombinedConfiguration,563,271,38,16,139,75,88,23,64,20
Commons Configuration,org.apache.commons.configuration,ConfigurationKey,5,316,6,44,1,69,7,40,1,21
Commons Configuration,org.apache.commons.configuration,DynamicCombinedConfiguration.new ThreadLocal() {...},2,3,0,0,1,1,1,1,1,1
Commons Configuration,org.apache.commons.configuration,XMLPropertiesConfiguration.new EntityResolver() {...},0,15,0,0,0,2,0,2,0,2
Commons Configuration,org.apache.commons.configuration,ConfigurationException,3,13,0,0,2,6,1,3,1,3
Commons Configuration,org.apache.commons.configuration,PropertiesConfiguration.PropertiesWriter,13,303,2,38,3,71,3,34,1,16
Commons Configuration,org.apache.commons.configuration,XMLPropertiesConfiguration,50,173,6,6,9,41,7,7,2,6
Commons Configuration,org.apache.commons.configuration,ConfigurationMap.ConfigurationSet,0,28,0,2,0,9,0,4,0,3
Commons Configuration,org.apache.commons.configuration,PropertyConverter,68,1234,8,166,8,240,8,106,0,27
Commons Configuration,org.apache.commons.configuration,XMLConfiguration.XMLFileConfigurationDelegate,0,12,0,0,0,3,0,2,0,2
Commons Configuration,org.apache.commons.configuration,ConfigurationFactory.JNDIConfigurationFactory,0,8,0,0,0,3,0,1,0,1
Commons Configuration,org.apache.commons.configuration,VFSFileSystem.VFSURLStreamHandler,5,7,0,0,1,3,1,1,1,1
Commons Configuration,org.apache.commons.configuration,AbstractHierarchicalFileConfiguration.FileConfigurationDelegate,0,20,0,0,0,7,0,4,0,4
Commons Configuration,org.apache.commons.configuration,HierarchicalConfiguration.Node,12,180,5,25,3,54,6,20,1,10
Commons Configuration,org.apache.commons.configuration,VFSFileSystem,385,228,44,34,93,65,36,14,4,7
Commons Configuration,org.apache.commons.configuration,XMLConfiguration,261,732,26,78,63,201,27,70,7,38
Commons Configuration,org.apache.commons.configuration,EnvironmentConfiguration,9,110,1,5,3,27,1,13,0,11
Commons Configuration,org.apache.commons.configuration,PropertiesConfiguration.PropertiesReader,5,265,1,30,2,76,2,29,1,13
Commons Configuration,org.apache.commons.configuration,PatternSubtreeConfigurationWrapper,483,79,15,5,89,18,75,6,65,6
Commons Configuration,org.apache.commons.configuration,HierarchicalConfiguration.NodeVisitor,0,7,0,0,0,4,0,4,0,4
Commons Configuration,org.apache.commons.configuration,HierarchicalConfiguration.DefinedKeysVisitor,0,65,0,4,0,17,0,7,0,5
Commons Configuration,org.apache.commons.configuration,BaseConfigurationXMLReader,0,36,0,0,0,13,0,6,0,6
Commons Configuration,org.apache.commons.configuration,PropertiesConfigurationLayout,13,653,2,91,5,177,2,80,0,34
Commons Configuration,org.apache.commons.configuration,CombinedConfiguration,33,580,7,59,4,156,8,60,1,34
Commons Configuration,org.apache.commons.configuration,ConfigurationUtils.new ConfigurationErrorListener() {...},0,9,0,0,0,2,0,2,0,2
Commons Configuration,org.apache.commons.configuration,HierarchicalINIConfiguration,11,707,6,130,4,191,6,85,0,23
Commons Configuration,org.apache.commons.configuration,ConfigurationFactory.FileConfigurationFactory,0,24,0,0,0,7,0,3,0,3
Commons Configuration,org.apache.commons.configuration,ConfigurationFactory,11,369,0,16,3,89,0,28,0,20
Commons Configuration,org.apache.commons.configuration,MultiFileHierarchicalConfiguration.new XMLConfiguration() {...},2,6,0,0,2,1,2,1,2,1
Commons Configuration,org.apache.commons.configuration,MultiFileHierarchicalConfiguration.new ThreadLocal() {...},2,3,0,0,1,1,1,1,1,1
Commons Configuration,org.apache.commons.configuration,DefaultFileSystem.HttpOutputStream,14,50,0,2,5,14,3,6,3,5
Commons Configuration,org.apache.commons.configuration,DefaultConfigurationBuilder.ConfigurationBuilderProvider,6,79,1,3,2,26,1,6,0,5
Commons Configuration,org.apache.commons.configuration,HierarchicalXMLConfiguration,3,0,0,0,1,0,1,0,1,0
Commons Configuration,org.apache.commons.configuration,DefaultFileSystem,101,206,5,31,22,58,7,22,2,9
Commons Configuration,org.apache.commons.configuration,VerifiableOutputStream,0,3,0,0,0,1,0,1,0,1
Commons Configuration,org.apache.commons.configuration,ConfigurationKey.KeyIterator,27,249,3,33,6,57,4,30,1,15
Commons Configuration,org.apache.commons.configuration,PropertiesConfiguration,40,464,11,61,8,129,11,51,0,26
Commons Configuration,org.apache.commons.configuration,AbstractHierarchicalFileConfiguration,102,343,2,2,36,108,18,41,16,41
Commons Configuration,org.apache.commons.configuration,XMLConfiguration.new DefaultHandler() {...},0,8,0,0,0,2,0,2,0,2
Commons Configuration,org.apache.commons.configuration,HierarchicalConfigurationXMLReader.SAXVisitor,6,88,3,11,0,20,3,11,0,7
Commons Configuration,org.apache.commons.configuration,HierarchicalReloadableConfiguration,10,25,0,2,3,7,1,4,1,3
Commons Configuration,org.apache.commons.configuration,DefaultConfigurationBuilder.ConfigurationProvider,19,45,1,3,6,15,4,9,3,8
Commons Configuration,org.apache.commons.configuration,SubnodeConfiguration,0,193,0,18,0,55,0,19,0,10
,,,6480,28573,751,2997,,,,,,
,,stmt,0.815137078,,,,,,,,,
,,branch,0.799626467,,,,,,,,,
