<?xml version="1.0" encoding="UTF-8"?>
<testng-results skipped="0" failed="0" ignored="0" total="1" passed="1">
  <reporter-output>
  </reporter-output>
  <suite name="Default suite" duration-ms="221259" started-at="2019-03-13T05:02:15Z" finished-at="2019-03-13T05:05:56Z">
    <groups>
    </groups>
    <test name="Default test" duration-ms="221259" started-at="2019-03-13T05:02:15Z" finished-at="2019-03-13T05:05:56Z">
      <class name="DefectDensity">
        <test-method status="PASS" signature="InitialSetup()[pri:0, instance:DefectDensity@2892dae4]" name="InitialSetup" is-config="true" duration-ms="4030" started-at="2019-03-13T01:02:15Z" finished-at="2019-03-13T01:02:19Z">
          <reporter-output>
          </reporter-output>
        </test-method> <!-- InitialSetup -->
        <test-method status="PASS" signature="IdentifyProjects()[pri:0, instance:DefectDensity@2892dae4]" name="IdentifyProjects" duration-ms="217214" started-at="2019-03-13T01:02:19Z" finished-at="2019-03-13T01:05:56Z">
          <reporter-output>
          </reporter-output>
        </test-method> <!-- IdentifyProjects -->
        <test-method status="PASS" signature="TearDown()[pri:0, instance:DefectDensity@2892dae4]" name="TearDown" is-config="true" duration-ms="0" started-at="2019-03-13T01:05:56Z" finished-at="2019-03-13T01:05:56Z">
          <reporter-output>
          </reporter-output>
        </test-method> <!-- TearDown -->
      </class> <!-- DefectDensity -->
    </test> <!-- Default test -->
  </suite> <!-- Default suite -->
</testng-results>
